0 info it worked if it ends with ok
1 verbose cli [ '/Users/martin/.nvm/versions/node/v4.8.4/bin/node',
1 verbose cli   '/Users/martin/.nvm/versions/node/v4.8.4/bin/npm',
1 verbose cli   'install' ]
2 info using npm@2.15.11
3 info using node@v4.8.4
4 verbose readDependencies loading dependencies from /Applications/MAMP/htdocs/klik2learn/GITHUB/J2E-Deploy/package.json
5 warn package.json bundle@1.0.0 No repository field.
6 warn package.json bundle@1.0.0 No README data
7 warn package.json bundle@1.0.0 No license field.
8 verbose install where, deps [ '/Applications/MAMP/htdocs/klik2learn/GITHUB/J2E-Deploy',
8 verbose install   [ 'babel-runtime', 'bcrypt' ] ]
9 verbose install where, peers [ '/Applications/MAMP/htdocs/klik2learn/GITHUB/J2E-Deploy', [] ]
10 verbose installManyTop reading for lifecycle /Applications/MAMP/htdocs/klik2learn/GITHUB/J2E-Deploy/package.json
11 info preinstall bundle@1.0.0
12 verbose installManyTop reading scoped package data from /Applications/MAMP/htdocs/klik2learn/GITHUB/J2E-Deploy/node_modules/abbrev/package.json
13 verbose installManyTop reading scoped package data from /Applications/MAMP/htdocs/klik2learn/GITHUB/J2E-Deploy/node_modules/ansi-regex/package.json
14 verbose installManyTop reading scoped package data from /Applications/MAMP/htdocs/klik2learn/GITHUB/J2E-Deploy/node_modules/aproba/package.json
15 verbose installManyTop reading scoped package data from /Applications/MAMP/htdocs/klik2learn/GITHUB/J2E-Deploy/node_modules/are-we-there-yet/package.json
16 verbose installManyTop reading scoped package data from /Applications/MAMP/htdocs/klik2learn/GITHUB/J2E-Deploy/node_modules/babel-runtime/package.json
17 verbose installManyTop reading scoped package data from /Applications/MAMP/htdocs/klik2learn/GITHUB/J2E-Deploy/node_modules/balanced-match/package.json
18 verbose installManyTop reading scoped package data from /Applications/MAMP/htdocs/klik2learn/GITHUB/J2E-Deploy/node_modules/bcrypt/package.json
19 verbose installManyTop reading scoped package data from /Applications/MAMP/htdocs/klik2learn/GITHUB/J2E-Deploy/node_modules/brace-expansion/package.json
20 verbose installManyTop reading scoped package data from /Applications/MAMP/htdocs/klik2learn/GITHUB/J2E-Deploy/node_modules/chownr/package.json
21 verbose installManyTop reading scoped package data from /Applications/MAMP/htdocs/klik2learn/GITHUB/J2E-Deploy/node_modules/code-point-at/package.json
22 verbose installManyTop reading scoped package data from /Applications/MAMP/htdocs/klik2learn/GITHUB/J2E-Deploy/node_modules/concat-map/package.json
23 verbose installManyTop reading scoped package data from /Applications/MAMP/htdocs/klik2learn/GITHUB/J2E-Deploy/node_modules/console-control-strings/package.json
24 verbose installManyTop reading scoped package data from /Applications/MAMP/htdocs/klik2learn/GITHUB/J2E-Deploy/node_modules/core-js/package.json
25 verbose installManyTop reading scoped package data from /Applications/MAMP/htdocs/klik2learn/GITHUB/J2E-Deploy/node_modules/core-util-is/package.json
26 verbose installManyTop reading scoped package data from /Applications/MAMP/htdocs/klik2learn/GITHUB/J2E-Deploy/node_modules/debug/package.json
27 verbose installManyTop reading scoped package data from /Applications/MAMP/htdocs/klik2learn/GITHUB/J2E-Deploy/node_modules/deep-extend/package.json
28 verbose installManyTop reading scoped package data from /Applications/MAMP/htdocs/klik2learn/GITHUB/J2E-Deploy/node_modules/delegates/package.json
29 verbose installManyTop reading scoped package data from /Applications/MAMP/htdocs/klik2learn/GITHUB/J2E-Deploy/node_modules/detect-libc/package.json
30 verbose installManyTop reading scoped package data from /Applications/MAMP/htdocs/klik2learn/GITHUB/J2E-Deploy/node_modules/fs-minipass/package.json
31 verbose installManyTop reading scoped package data from /Applications/MAMP/htdocs/klik2learn/GITHUB/J2E-Deploy/node_modules/fs.realpath/package.json
32 verbose installManyTop reading scoped package data from /Applications/MAMP/htdocs/klik2learn/GITHUB/J2E-Deploy/node_modules/gauge/package.json
33 verbose installManyTop reading scoped package data from /Applications/MAMP/htdocs/klik2learn/GITHUB/J2E-Deploy/node_modules/glob/package.json
34 verbose installManyTop reading scoped package data from /Applications/MAMP/htdocs/klik2learn/GITHUB/J2E-Deploy/node_modules/has-unicode/package.json
35 verbose installManyTop reading scoped package data from /Applications/MAMP/htdocs/klik2learn/GITHUB/J2E-Deploy/node_modules/iconv-lite/package.json
36 verbose installManyTop reading scoped package data from /Applications/MAMP/htdocs/klik2learn/GITHUB/J2E-Deploy/node_modules/ignore-walk/package.json
37 verbose installManyTop reading scoped package data from /Applications/MAMP/htdocs/klik2learn/GITHUB/J2E-Deploy/node_modules/inflight/package.json
38 verbose installManyTop reading scoped package data from /Applications/MAMP/htdocs/klik2learn/GITHUB/J2E-Deploy/node_modules/inherits/package.json
39 verbose installManyTop reading scoped package data from /Applications/MAMP/htdocs/klik2learn/GITHUB/J2E-Deploy/node_modules/ini/package.json
40 verbose installManyTop reading scoped package data from /Applications/MAMP/htdocs/klik2learn/GITHUB/J2E-Deploy/node_modules/is-fullwidth-code-point/package.json
41 verbose installManyTop reading scoped package data from /Applications/MAMP/htdocs/klik2learn/GITHUB/J2E-Deploy/node_modules/isarray/package.json
42 verbose installManyTop reading scoped package data from /Applications/MAMP/htdocs/klik2learn/GITHUB/J2E-Deploy/node_modules/minimatch/package.json
43 verbose installManyTop reading scoped package data from /Applications/MAMP/htdocs/klik2learn/GITHUB/J2E-Deploy/node_modules/minimist/package.json
44 verbose installManyTop reading scoped package data from /Applications/MAMP/htdocs/klik2learn/GITHUB/J2E-Deploy/node_modules/minipass/package.json
45 verbose installManyTop reading scoped package data from /Applications/MAMP/htdocs/klik2learn/GITHUB/J2E-Deploy/node_modules/minizlib/package.json
46 verbose installManyTop reading scoped package data from /Applications/MAMP/htdocs/klik2learn/GITHUB/J2E-Deploy/node_modules/mkdirp/package.json
47 verbose installManyTop reading scoped package data from /Applications/MAMP/htdocs/klik2learn/GITHUB/J2E-Deploy/node_modules/ms/package.json
48 verbose installManyTop reading scoped package data from /Applications/MAMP/htdocs/klik2learn/GITHUB/J2E-Deploy/node_modules/needle/package.json
49 verbose installManyTop reading scoped package data from /Applications/MAMP/htdocs/klik2learn/GITHUB/J2E-Deploy/node_modules/node-addon-api/package.json
50 verbose installManyTop reading scoped package data from /Applications/MAMP/htdocs/klik2learn/GITHUB/J2E-Deploy/node_modules/node-pre-gyp/package.json
51 verbose installManyTop reading scoped package data from /Applications/MAMP/htdocs/klik2learn/GITHUB/J2E-Deploy/node_modules/nopt/package.json
52 verbose installManyTop reading scoped package data from /Applications/MAMP/htdocs/klik2learn/GITHUB/J2E-Deploy/node_modules/npm-bundled/package.json
53 verbose installManyTop reading scoped package data from /Applications/MAMP/htdocs/klik2learn/GITHUB/J2E-Deploy/node_modules/npm-normalize-package-bin/package.json
54 verbose installManyTop reading scoped package data from /Applications/MAMP/htdocs/klik2learn/GITHUB/J2E-Deploy/node_modules/npm-packlist/package.json
55 verbose installManyTop reading scoped package data from /Applications/MAMP/htdocs/klik2learn/GITHUB/J2E-Deploy/node_modules/npmlog/package.json
56 verbose installManyTop reading scoped package data from /Applications/MAMP/htdocs/klik2learn/GITHUB/J2E-Deploy/node_modules/number-is-nan/package.json
57 verbose installManyTop reading scoped package data from /Applications/MAMP/htdocs/klik2learn/GITHUB/J2E-Deploy/node_modules/object-assign/package.json
58 verbose installManyTop reading scoped package data from /Applications/MAMP/htdocs/klik2learn/GITHUB/J2E-Deploy/node_modules/once/package.json
59 verbose installManyTop reading scoped package data from /Applications/MAMP/htdocs/klik2learn/GITHUB/J2E-Deploy/node_modules/os-homedir/package.json
60 verbose installManyTop reading scoped package data from /Applications/MAMP/htdocs/klik2learn/GITHUB/J2E-Deploy/node_modules/os-tmpdir/package.json
61 verbose installManyTop reading scoped package data from /Applications/MAMP/htdocs/klik2learn/GITHUB/J2E-Deploy/node_modules/osenv/package.json
62 verbose installManyTop reading scoped package data from /Applications/MAMP/htdocs/klik2learn/GITHUB/J2E-Deploy/node_modules/path-is-absolute/package.json
63 verbose installManyTop reading scoped package data from /Applications/MAMP/htdocs/klik2learn/GITHUB/J2E-Deploy/node_modules/process-nextick-args/package.json
64 verbose installManyTop reading scoped package data from /Applications/MAMP/htdocs/klik2learn/GITHUB/J2E-Deploy/node_modules/rc/package.json
65 verbose installManyTop reading scoped package data from /Applications/MAMP/htdocs/klik2learn/GITHUB/J2E-Deploy/node_modules/readable-stream/package.json
66 verbose installManyTop reading scoped package data from /Applications/MAMP/htdocs/klik2learn/GITHUB/J2E-Deploy/node_modules/regenerator-runtime/package.json
67 verbose installManyTop reading scoped package data from /Applications/MAMP/htdocs/klik2learn/GITHUB/J2E-Deploy/node_modules/rimraf/package.json
68 verbose installManyTop reading scoped package data from /Applications/MAMP/htdocs/klik2learn/GITHUB/J2E-Deploy/node_modules/safe-buffer/package.json
69 verbose installManyTop reading scoped package data from /Applications/MAMP/htdocs/klik2learn/GITHUB/J2E-Deploy/node_modules/safer-buffer/package.json
70 verbose installManyTop reading scoped package data from /Applications/MAMP/htdocs/klik2learn/GITHUB/J2E-Deploy/node_modules/sax/package.json
71 verbose installManyTop reading scoped package data from /Applications/MAMP/htdocs/klik2learn/GITHUB/J2E-Deploy/node_modules/semver/package.json
72 verbose installManyTop reading scoped package data from /Applications/MAMP/htdocs/klik2learn/GITHUB/J2E-Deploy/node_modules/set-blocking/package.json
73 verbose installManyTop reading scoped package data from /Applications/MAMP/htdocs/klik2learn/GITHUB/J2E-Deploy/node_modules/signal-exit/package.json
74 verbose installManyTop reading scoped package data from /Applications/MAMP/htdocs/klik2learn/GITHUB/J2E-Deploy/node_modules/string-width/package.json
75 verbose installManyTop reading scoped package data from /Applications/MAMP/htdocs/klik2learn/GITHUB/J2E-Deploy/node_modules/string_decoder/package.json
76 verbose installManyTop reading scoped package data from /Applications/MAMP/htdocs/klik2learn/GITHUB/J2E-Deploy/node_modules/strip-ansi/package.json
77 verbose installManyTop reading scoped package data from /Applications/MAMP/htdocs/klik2learn/GITHUB/J2E-Deploy/node_modules/strip-json-comments/package.json
78 verbose installManyTop reading scoped package data from /Applications/MAMP/htdocs/klik2learn/GITHUB/J2E-Deploy/node_modules/tar/package.json
79 verbose installManyTop reading scoped package data from /Applications/MAMP/htdocs/klik2learn/GITHUB/J2E-Deploy/node_modules/util-deprecate/package.json
80 verbose installManyTop reading scoped package data from /Applications/MAMP/htdocs/klik2learn/GITHUB/J2E-Deploy/node_modules/wide-align/package.json
81 verbose installManyTop reading scoped package data from /Applications/MAMP/htdocs/klik2learn/GITHUB/J2E-Deploy/node_modules/wrappy/package.json
82 verbose installManyTop reading scoped package data from /Applications/MAMP/htdocs/klik2learn/GITHUB/J2E-Deploy/node_modules/yallist/package.json
83 info package.json string_decoder@1.1.1 string_decoder is also the name of a node core module.
84 verbose readDependencies loading dependencies from /Applications/MAMP/htdocs/klik2learn/GITHUB/J2E-Deploy/package.json
85 verbose targetResolver reading package data from /Applications/MAMP/htdocs/klik2learn/GITHUB/J2E-Deploy/node_modules/abbrev/package.json
86 verbose targetResolver reading package data from /Applications/MAMP/htdocs/klik2learn/GITHUB/J2E-Deploy/node_modules/ansi-regex/package.json
87 verbose targetResolver reading package data from /Applications/MAMP/htdocs/klik2learn/GITHUB/J2E-Deploy/node_modules/aproba/package.json
88 verbose targetResolver reading package data from /Applications/MAMP/htdocs/klik2learn/GITHUB/J2E-Deploy/node_modules/are-we-there-yet/package.json
89 verbose targetResolver reading package data from /Applications/MAMP/htdocs/klik2learn/GITHUB/J2E-Deploy/node_modules/babel-runtime/package.json
90 verbose targetResolver reading package data from /Applications/MAMP/htdocs/klik2learn/GITHUB/J2E-Deploy/node_modules/balanced-match/package.json
91 verbose targetResolver reading package data from /Applications/MAMP/htdocs/klik2learn/GITHUB/J2E-Deploy/node_modules/bcrypt/package.json
92 verbose targetResolver reading package data from /Applications/MAMP/htdocs/klik2learn/GITHUB/J2E-Deploy/node_modules/brace-expansion/package.json
93 verbose targetResolver reading package data from /Applications/MAMP/htdocs/klik2learn/GITHUB/J2E-Deploy/node_modules/chownr/package.json
94 verbose targetResolver reading package data from /Applications/MAMP/htdocs/klik2learn/GITHUB/J2E-Deploy/node_modules/code-point-at/package.json
95 verbose targetResolver reading package data from /Applications/MAMP/htdocs/klik2learn/GITHUB/J2E-Deploy/node_modules/concat-map/package.json
96 verbose targetResolver reading package data from /Applications/MAMP/htdocs/klik2learn/GITHUB/J2E-Deploy/node_modules/console-control-strings/package.json
97 verbose targetResolver reading package data from /Applications/MAMP/htdocs/klik2learn/GITHUB/J2E-Deploy/node_modules/core-js/package.json
98 verbose targetResolver reading package data from /Applications/MAMP/htdocs/klik2learn/GITHUB/J2E-Deploy/node_modules/core-util-is/package.json
99 verbose targetResolver reading package data from /Applications/MAMP/htdocs/klik2learn/GITHUB/J2E-Deploy/node_modules/debug/package.json
100 verbose targetResolver reading package data from /Applications/MAMP/htdocs/klik2learn/GITHUB/J2E-Deploy/node_modules/deep-extend/package.json
101 verbose targetResolver reading package data from /Applications/MAMP/htdocs/klik2learn/GITHUB/J2E-Deploy/node_modules/delegates/package.json
102 verbose targetResolver reading package data from /Applications/MAMP/htdocs/klik2learn/GITHUB/J2E-Deploy/node_modules/detect-libc/package.json
103 verbose targetResolver reading package data from /Applications/MAMP/htdocs/klik2learn/GITHUB/J2E-Deploy/node_modules/fs-minipass/package.json
104 verbose targetResolver reading package data from /Applications/MAMP/htdocs/klik2learn/GITHUB/J2E-Deploy/node_modules/fs.realpath/package.json
105 verbose targetResolver reading package data from /Applications/MAMP/htdocs/klik2learn/GITHUB/J2E-Deploy/node_modules/gauge/package.json
106 verbose targetResolver reading package data from /Applications/MAMP/htdocs/klik2learn/GITHUB/J2E-Deploy/node_modules/glob/package.json
107 verbose targetResolver reading package data from /Applications/MAMP/htdocs/klik2learn/GITHUB/J2E-Deploy/node_modules/has-unicode/package.json
108 verbose targetResolver reading package data from /Applications/MAMP/htdocs/klik2learn/GITHUB/J2E-Deploy/node_modules/iconv-lite/package.json
109 verbose targetResolver reading package data from /Applications/MAMP/htdocs/klik2learn/GITHUB/J2E-Deploy/node_modules/ignore-walk/package.json
110 verbose targetResolver reading package data from /Applications/MAMP/htdocs/klik2learn/GITHUB/J2E-Deploy/node_modules/inflight/package.json
111 verbose targetResolver reading package data from /Applications/MAMP/htdocs/klik2learn/GITHUB/J2E-Deploy/node_modules/inherits/package.json
112 verbose targetResolver reading package data from /Applications/MAMP/htdocs/klik2learn/GITHUB/J2E-Deploy/node_modules/ini/package.json
113 verbose targetResolver reading package data from /Applications/MAMP/htdocs/klik2learn/GITHUB/J2E-Deploy/node_modules/is-fullwidth-code-point/package.json
114 verbose targetResolver reading package data from /Applications/MAMP/htdocs/klik2learn/GITHUB/J2E-Deploy/node_modules/isarray/package.json
115 verbose targetResolver reading package data from /Applications/MAMP/htdocs/klik2learn/GITHUB/J2E-Deploy/node_modules/minimatch/package.json
116 verbose targetResolver reading package data from /Applications/MAMP/htdocs/klik2learn/GITHUB/J2E-Deploy/node_modules/minimist/package.json
117 verbose targetResolver reading package data from /Applications/MAMP/htdocs/klik2learn/GITHUB/J2E-Deploy/node_modules/minipass/package.json
118 verbose targetResolver reading package data from /Applications/MAMP/htdocs/klik2learn/GITHUB/J2E-Deploy/node_modules/minizlib/package.json
119 verbose targetResolver reading package data from /Applications/MAMP/htdocs/klik2learn/GITHUB/J2E-Deploy/node_modules/mkdirp/package.json
120 verbose targetResolver reading package data from /Applications/MAMP/htdocs/klik2learn/GITHUB/J2E-Deploy/node_modules/ms/package.json
121 verbose targetResolver reading package data from /Applications/MAMP/htdocs/klik2learn/GITHUB/J2E-Deploy/node_modules/needle/package.json
122 verbose targetResolver reading package data from /Applications/MAMP/htdocs/klik2learn/GITHUB/J2E-Deploy/node_modules/node-addon-api/package.json
123 verbose targetResolver reading package data from /Applications/MAMP/htdocs/klik2learn/GITHUB/J2E-Deploy/node_modules/node-pre-gyp/package.json
124 verbose targetResolver reading package data from /Applications/MAMP/htdocs/klik2learn/GITHUB/J2E-Deploy/node_modules/nopt/package.json
125 verbose targetResolver reading package data from /Applications/MAMP/htdocs/klik2learn/GITHUB/J2E-Deploy/node_modules/npm-bundled/package.json
126 verbose targetResolver reading package data from /Applications/MAMP/htdocs/klik2learn/GITHUB/J2E-Deploy/node_modules/npm-normalize-package-bin/package.json
127 verbose targetResolver reading package data from /Applications/MAMP/htdocs/klik2learn/GITHUB/J2E-Deploy/node_modules/npm-packlist/package.json
128 verbose targetResolver reading package data from /Applications/MAMP/htdocs/klik2learn/GITHUB/J2E-Deploy/node_modules/npmlog/package.json
129 verbose targetResolver reading package data from /Applications/MAMP/htdocs/klik2learn/GITHUB/J2E-Deploy/node_modules/number-is-nan/package.json
130 verbose targetResolver reading package data from /Applications/MAMP/htdocs/klik2learn/GITHUB/J2E-Deploy/node_modules/object-assign/package.json
131 verbose targetResolver reading package data from /Applications/MAMP/htdocs/klik2learn/GITHUB/J2E-Deploy/node_modules/once/package.json
132 verbose targetResolver reading package data from /Applications/MAMP/htdocs/klik2learn/GITHUB/J2E-Deploy/node_modules/os-homedir/package.json
133 verbose targetResolver reading package data from /Applications/MAMP/htdocs/klik2learn/GITHUB/J2E-Deploy/node_modules/os-tmpdir/package.json
134 verbose targetResolver reading package data from /Applications/MAMP/htdocs/klik2learn/GITHUB/J2E-Deploy/node_modules/osenv/package.json
135 verbose targetResolver reading package data from /Applications/MAMP/htdocs/klik2learn/GITHUB/J2E-Deploy/node_modules/path-is-absolute/package.json
136 verbose targetResolver reading package data from /Applications/MAMP/htdocs/klik2learn/GITHUB/J2E-Deploy/node_modules/process-nextick-args/package.json
137 verbose targetResolver reading package data from /Applications/MAMP/htdocs/klik2learn/GITHUB/J2E-Deploy/node_modules/rc/package.json
138 verbose targetResolver reading package data from /Applications/MAMP/htdocs/klik2learn/GITHUB/J2E-Deploy/node_modules/readable-stream/package.json
139 verbose targetResolver reading package data from /Applications/MAMP/htdocs/klik2learn/GITHUB/J2E-Deploy/node_modules/regenerator-runtime/package.json
140 verbose targetResolver reading package data from /Applications/MAMP/htdocs/klik2learn/GITHUB/J2E-Deploy/node_modules/rimraf/package.json
141 verbose targetResolver reading package data from /Applications/MAMP/htdocs/klik2learn/GITHUB/J2E-Deploy/node_modules/safe-buffer/package.json
142 verbose targetResolver reading package data from /Applications/MAMP/htdocs/klik2learn/GITHUB/J2E-Deploy/node_modules/safer-buffer/package.json
143 verbose targetResolver reading package data from /Applications/MAMP/htdocs/klik2learn/GITHUB/J2E-Deploy/node_modules/sax/package.json
144 verbose targetResolver reading package data from /Applications/MAMP/htdocs/klik2learn/GITHUB/J2E-Deploy/node_modules/semver/package.json
145 verbose targetResolver reading package data from /Applications/MAMP/htdocs/klik2learn/GITHUB/J2E-Deploy/node_modules/set-blocking/package.json
146 verbose targetResolver reading package data from /Applications/MAMP/htdocs/klik2learn/GITHUB/J2E-Deploy/node_modules/signal-exit/package.json
147 verbose targetResolver reading package data from /Applications/MAMP/htdocs/klik2learn/GITHUB/J2E-Deploy/node_modules/string-width/package.json
148 verbose targetResolver reading package data from /Applications/MAMP/htdocs/klik2learn/GITHUB/J2E-Deploy/node_modules/string_decoder/package.json
149 verbose targetResolver reading package data from /Applications/MAMP/htdocs/klik2learn/GITHUB/J2E-Deploy/node_modules/strip-ansi/package.json
150 verbose targetResolver reading package data from /Applications/MAMP/htdocs/klik2learn/GITHUB/J2E-Deploy/node_modules/strip-json-comments/package.json
151 verbose targetResolver reading package data from /Applications/MAMP/htdocs/klik2learn/GITHUB/J2E-Deploy/node_modules/tar/package.json
152 verbose targetResolver reading package data from /Applications/MAMP/htdocs/klik2learn/GITHUB/J2E-Deploy/node_modules/util-deprecate/package.json
153 verbose targetResolver reading package data from /Applications/MAMP/htdocs/klik2learn/GITHUB/J2E-Deploy/node_modules/wide-align/package.json
154 verbose targetResolver reading package data from /Applications/MAMP/htdocs/klik2learn/GITHUB/J2E-Deploy/node_modules/wrappy/package.json
155 verbose targetResolver reading package data from /Applications/MAMP/htdocs/klik2learn/GITHUB/J2E-Deploy/node_modules/yallist/package.json
156 verbose targetResolver reading package data from /Applications/MAMP/htdocs/klik2learn/GITHUB/J2E-Deploy/node_modules/.bin/detect-libc/package.json
157 verbose targetResolver reading package data from /Applications/MAMP/htdocs/klik2learn/GITHUB/J2E-Deploy/node_modules/.bin/mkdirp/package.json
158 verbose targetResolver reading package data from /Applications/MAMP/htdocs/klik2learn/GITHUB/J2E-Deploy/node_modules/.bin/needle/package.json
159 verbose targetResolver reading package data from /Applications/MAMP/htdocs/klik2learn/GITHUB/J2E-Deploy/node_modules/.bin/node-pre-gyp/package.json
160 verbose targetResolver reading package data from /Applications/MAMP/htdocs/klik2learn/GITHUB/J2E-Deploy/node_modules/.bin/nopt/package.json
161 verbose targetResolver reading package data from /Applications/MAMP/htdocs/klik2learn/GITHUB/J2E-Deploy/node_modules/.bin/rc/package.json
162 verbose targetResolver reading package data from /Applications/MAMP/htdocs/klik2learn/GITHUB/J2E-Deploy/node_modules/.bin/rimraf/package.json
163 verbose targetResolver reading package data from /Applications/MAMP/htdocs/klik2learn/GITHUB/J2E-Deploy/node_modules/.bin/semver/package.json
164 verbose already installed skipping babel-runtime@^6.26.0 /Applications/MAMP/htdocs/klik2learn/GITHUB/J2E-Deploy
165 verbose already installed skipping bcrypt@^5.0.0 /Applications/MAMP/htdocs/klik2learn/GITHUB/J2E-Deploy
166 silly install resolved []
167 info build /Applications/MAMP/htdocs/klik2learn/GITHUB/J2E-Deploy
168 info linkStuff bundle@1.0.0
169 silly linkStuff bundle@1.0.0 has /Applications/MAMP/htdocs/klik2learn/GITHUB as its parent node_modules
170 verbose linkBins bundle@1.0.0
171 verbose linkMans bundle@1.0.0
172 verbose rebuildBundles bundle@1.0.0
173 verbose rebuildBundles [ '.bin',
173 verbose rebuildBundles   'abbrev',
173 verbose rebuildBundles   'ansi-regex',
173 verbose rebuildBundles   'aproba',
173 verbose rebuildBundles   'are-we-there-yet',
173 verbose rebuildBundles   'babel-runtime',
173 verbose rebuildBundles   'balanced-match',
173 verbose rebuildBundles   'bcrypt',
173 verbose rebuildBundles   'brace-expansion',
173 verbose rebuildBundles   'chownr',
173 verbose rebuildBundles   'code-point-at',
173 verbose rebuildBundles   'concat-map',
173 verbose rebuildBundles   'console-control-strings',
173 verbose rebuildBundles   'core-js',
173 verbose rebuildBundles   'core-util-is',
173 verbose rebuildBundles   'debug',
173 verbose rebuildBundles   'deep-extend',
173 verbose rebuildBundles   'delegates',
173 verbose rebuildBundles   'detect-libc',
173 verbose rebuildBundles   'fs-minipass',
173 verbose rebuildBundles   'fs.realpath',
173 verbose rebuildBundles   'gauge',
173 verbose rebuildBundles   'glob',
173 verbose rebuildBundles   'has-unicode',
173 verbose rebuildBundles   'iconv-lite',
173 verbose rebuildBundles   'ignore-walk',
173 verbose rebuildBundles   'inflight',
173 verbose rebuildBundles   'inherits',
173 verbose rebuildBundles   'ini',
173 verbose rebuildBundles   'is-fullwidth-code-point',
173 verbose rebuildBundles   'isarray',
173 verbose rebuildBundles   'minimatch',
173 verbose rebuildBundles   'minimist',
173 verbose rebuildBundles   'minipass',
173 verbose rebuildBundles   'minizlib',
173 verbose rebuildBundles   'mkdirp',
173 verbose rebuildBundles   'ms',
173 verbose rebuildBundles   'needle',
173 verbose rebuildBundles   'node-addon-api',
173 verbose rebuildBundles   'node-pre-gyp',
173 verbose rebuildBundles   'nopt',
173 verbose rebuildBundles   'npm-bundled',
173 verbose rebuildBundles   'npm-normalize-package-bin',
173 verbose rebuildBundles   'npm-packlist',
173 verbose rebuildBundles   'npmlog',
173 verbose rebuildBundles   'number-is-nan',
173 verbose rebuildBundles   'object-assign',
173 verbose rebuildBundles   'once',
173 verbose rebuildBundles   'os-homedir',
173 verbose rebuildBundles   'os-tmpdir',
173 verbose rebuildBundles   'osenv',
173 verbose rebuildBundles   'path-is-absolute',
173 verbose rebuildBundles   'process-nextick-args',
173 verbose rebuildBundles   'rc',
173 verbose rebuildBundles   'readable-stream',
173 verbose rebuildBundles   'regenerator-runtime',
173 verbose rebuildBundles   'rimraf',
173 verbose rebuildBundles   'safe-buffer',
173 verbose rebuildBundles   'safer-buffer',
173 verbose rebuildBundles   'sax',
173 verbose rebuildBundles   'semver',
173 verbose rebuildBundles   'set-blocking',
173 verbose rebuildBundles   'signal-exit',
173 verbose rebuildBundles   'string-width',
173 verbose rebuildBundles   'string_decoder',
173 verbose rebuildBundles   'strip-ansi',
173 verbose rebuildBundles   'strip-json-comments',
173 verbose rebuildBundles   'tar',
173 verbose rebuildBundles   'util-deprecate',
173 verbose rebuildBundles   'wide-align',
173 verbose rebuildBundles   'wrappy',
173 verbose rebuildBundles   'yallist' ]
174 verbose rebuild bundle /Applications/MAMP/htdocs/klik2learn/GITHUB/J2E-Deploy/node_modules/abbrev
175 info build /Applications/MAMP/htdocs/klik2learn/GITHUB/J2E-Deploy/node_modules/abbrev
176 info preinstall abbrev@1.1.1
177 info linkStuff abbrev@1.1.1
178 silly linkStuff abbrev@1.1.1 has /Applications/MAMP/htdocs/klik2learn/GITHUB/J2E-Deploy/node_modules as its parent node_modules
179 verbose linkBins abbrev@1.1.1
180 verbose linkMans abbrev@1.1.1
181 verbose rebuildBundles abbrev@1.1.1
182 info install abbrev@1.1.1
183 info postinstall abbrev@1.1.1
184 verbose rebuild bundle /Applications/MAMP/htdocs/klik2learn/GITHUB/J2E-Deploy/node_modules/ansi-regex
185 info build /Applications/MAMP/htdocs/klik2learn/GITHUB/J2E-Deploy/node_modules/ansi-regex
186 info preinstall ansi-regex@2.1.1
187 info linkStuff ansi-regex@2.1.1
188 silly linkStuff ansi-regex@2.1.1 has /Applications/MAMP/htdocs/klik2learn/GITHUB/J2E-Deploy/node_modules as its parent node_modules
189 verbose linkBins ansi-regex@2.1.1
190 verbose linkMans ansi-regex@2.1.1
191 verbose rebuildBundles ansi-regex@2.1.1
192 info install ansi-regex@2.1.1
193 info postinstall ansi-regex@2.1.1
194 verbose rebuild bundle /Applications/MAMP/htdocs/klik2learn/GITHUB/J2E-Deploy/node_modules/aproba
195 info build /Applications/MAMP/htdocs/klik2learn/GITHUB/J2E-Deploy/node_modules/aproba
196 info preinstall aproba@1.2.0
197 info linkStuff aproba@1.2.0
198 silly linkStuff aproba@1.2.0 has /Applications/MAMP/htdocs/klik2learn/GITHUB/J2E-Deploy/node_modules as its parent node_modules
199 verbose linkBins aproba@1.2.0
200 verbose linkMans aproba@1.2.0
201 verbose rebuildBundles aproba@1.2.0
202 info install aproba@1.2.0
203 info postinstall aproba@1.2.0
204 verbose rebuild bundle /Applications/MAMP/htdocs/klik2learn/GITHUB/J2E-Deploy/node_modules/are-we-there-yet
205 info build /Applications/MAMP/htdocs/klik2learn/GITHUB/J2E-Deploy/node_modules/are-we-there-yet
206 info preinstall are-we-there-yet@1.1.5
207 info linkStuff are-we-there-yet@1.1.5
208 silly linkStuff are-we-there-yet@1.1.5 has /Applications/MAMP/htdocs/klik2learn/GITHUB/J2E-Deploy/node_modules as its parent node_modules
209 verbose linkBins are-we-there-yet@1.1.5
210 verbose linkMans are-we-there-yet@1.1.5
211 verbose rebuildBundles are-we-there-yet@1.1.5
212 info install are-we-there-yet@1.1.5
213 info postinstall are-we-there-yet@1.1.5
214 verbose rebuild bundle /Applications/MAMP/htdocs/klik2learn/GITHUB/J2E-Deploy/node_modules/balanced-match
215 info build /Applications/MAMP/htdocs/klik2learn/GITHUB/J2E-Deploy/node_modules/balanced-match
216 info preinstall balanced-match@1.0.0
217 info linkStuff balanced-match@1.0.0
218 silly linkStuff balanced-match@1.0.0 has /Applications/MAMP/htdocs/klik2learn/GITHUB/J2E-Deploy/node_modules as its parent node_modules
219 verbose linkBins balanced-match@1.0.0
220 verbose linkMans balanced-match@1.0.0
221 verbose rebuildBundles balanced-match@1.0.0
222 info install balanced-match@1.0.0
223 info postinstall balanced-match@1.0.0
224 verbose rebuild bundle /Applications/MAMP/htdocs/klik2learn/GITHUB/J2E-Deploy/node_modules/brace-expansion
225 info build /Applications/MAMP/htdocs/klik2learn/GITHUB/J2E-Deploy/node_modules/brace-expansion
226 info preinstall brace-expansion@1.1.11
227 info linkStuff brace-expansion@1.1.11
228 silly linkStuff brace-expansion@1.1.11 has /Applications/MAMP/htdocs/klik2learn/GITHUB/J2E-Deploy/node_modules as its parent node_modules
229 verbose linkBins brace-expansion@1.1.11
230 verbose linkMans brace-expansion@1.1.11
231 verbose rebuildBundles brace-expansion@1.1.11
232 info install brace-expansion@1.1.11
233 info postinstall brace-expansion@1.1.11
234 verbose rebuild bundle /Applications/MAMP/htdocs/klik2learn/GITHUB/J2E-Deploy/node_modules/chownr
235 info build /Applications/MAMP/htdocs/klik2learn/GITHUB/J2E-Deploy/node_modules/chownr
236 info preinstall chownr@1.1.4
237 info linkStuff chownr@1.1.4
238 silly linkStuff chownr@1.1.4 has /Applications/MAMP/htdocs/klik2learn/GITHUB/J2E-Deploy/node_modules as its parent node_modules
239 verbose linkBins chownr@1.1.4
240 verbose linkMans chownr@1.1.4
241 verbose rebuildBundles chownr@1.1.4
242 info install chownr@1.1.4
243 info postinstall chownr@1.1.4
244 verbose rebuild bundle /Applications/MAMP/htdocs/klik2learn/GITHUB/J2E-Deploy/node_modules/code-point-at
245 info build /Applications/MAMP/htdocs/klik2learn/GITHUB/J2E-Deploy/node_modules/code-point-at
246 info preinstall code-point-at@1.1.0
247 info linkStuff code-point-at@1.1.0
248 silly linkStuff code-point-at@1.1.0 has /Applications/MAMP/htdocs/klik2learn/GITHUB/J2E-Deploy/node_modules as its parent node_modules
249 verbose linkBins code-point-at@1.1.0
250 verbose linkMans code-point-at@1.1.0
251 verbose rebuildBundles code-point-at@1.1.0
252 info install code-point-at@1.1.0
253 info postinstall code-point-at@1.1.0
254 verbose rebuild bundle /Applications/MAMP/htdocs/klik2learn/GITHUB/J2E-Deploy/node_modules/concat-map
255 info build /Applications/MAMP/htdocs/klik2learn/GITHUB/J2E-Deploy/node_modules/concat-map
256 info preinstall concat-map@0.0.1
257 info linkStuff concat-map@0.0.1
258 silly linkStuff concat-map@0.0.1 has /Applications/MAMP/htdocs/klik2learn/GITHUB/J2E-Deploy/node_modules as its parent node_modules
259 verbose linkBins concat-map@0.0.1
260 verbose linkMans concat-map@0.0.1
261 verbose rebuildBundles concat-map@0.0.1
262 info install concat-map@0.0.1
263 info postinstall concat-map@0.0.1
264 verbose rebuild bundle /Applications/MAMP/htdocs/klik2learn/GITHUB/J2E-Deploy/node_modules/console-control-strings
265 info build /Applications/MAMP/htdocs/klik2learn/GITHUB/J2E-Deploy/node_modules/console-control-strings
266 info preinstall console-control-strings@1.1.0
267 info linkStuff console-control-strings@1.1.0
268 silly linkStuff console-control-strings@1.1.0 has /Applications/MAMP/htdocs/klik2learn/GITHUB/J2E-Deploy/node_modules as its parent node_modules
269 verbose linkBins console-control-strings@1.1.0
270 verbose linkMans console-control-strings@1.1.0
271 verbose rebuildBundles console-control-strings@1.1.0
272 info install console-control-strings@1.1.0
273 info postinstall console-control-strings@1.1.0
274 verbose rebuild bundle /Applications/MAMP/htdocs/klik2learn/GITHUB/J2E-Deploy/node_modules/core-js
275 info build /Applications/MAMP/htdocs/klik2learn/GITHUB/J2E-Deploy/node_modules/core-js
276 info preinstall core-js@2.6.11
277 info linkStuff core-js@2.6.11
278 silly linkStuff core-js@2.6.11 has /Applications/MAMP/htdocs/klik2learn/GITHUB/J2E-Deploy/node_modules as its parent node_modules
279 verbose linkBins core-js@2.6.11
280 verbose linkMans core-js@2.6.11
281 verbose rebuildBundles core-js@2.6.11
282 info install core-js@2.6.11
283 info postinstall core-js@2.6.11
284 verbose unsafe-perm in lifecycle true
285 verbose rebuild bundle /Applications/MAMP/htdocs/klik2learn/GITHUB/J2E-Deploy/node_modules/core-util-is
286 info build /Applications/MAMP/htdocs/klik2learn/GITHUB/J2E-Deploy/node_modules/core-util-is
287 info preinstall core-util-is@1.0.2
288 info linkStuff core-util-is@1.0.2
289 silly linkStuff core-util-is@1.0.2 has /Applications/MAMP/htdocs/klik2learn/GITHUB/J2E-Deploy/node_modules as its parent node_modules
290 verbose linkBins core-util-is@1.0.2
291 verbose linkMans core-util-is@1.0.2
292 verbose rebuildBundles core-util-is@1.0.2
293 info install core-util-is@1.0.2
294 info postinstall core-util-is@1.0.2
295 verbose rebuild bundle /Applications/MAMP/htdocs/klik2learn/GITHUB/J2E-Deploy/node_modules/debug
296 info build /Applications/MAMP/htdocs/klik2learn/GITHUB/J2E-Deploy/node_modules/debug
297 info preinstall debug@3.2.6
298 info linkStuff debug@3.2.6
299 silly linkStuff debug@3.2.6 has /Applications/MAMP/htdocs/klik2learn/GITHUB/J2E-Deploy/node_modules as its parent node_modules
300 verbose linkBins debug@3.2.6
301 verbose linkMans debug@3.2.6
302 verbose rebuildBundles debug@3.2.6
303 info install debug@3.2.6
304 info postinstall debug@3.2.6
305 verbose rebuild bundle /Applications/MAMP/htdocs/klik2learn/GITHUB/J2E-Deploy/node_modules/deep-extend
306 info build /Applications/MAMP/htdocs/klik2learn/GITHUB/J2E-Deploy/node_modules/deep-extend
307 info preinstall deep-extend@0.6.0
308 info linkStuff deep-extend@0.6.0
309 silly linkStuff deep-extend@0.6.0 has /Applications/MAMP/htdocs/klik2learn/GITHUB/J2E-Deploy/node_modules as its parent node_modules
310 verbose linkBins deep-extend@0.6.0
311 verbose linkMans deep-extend@0.6.0
312 verbose rebuildBundles deep-extend@0.6.0
313 info install deep-extend@0.6.0
314 info postinstall deep-extend@0.6.0
315 verbose rebuild bundle /Applications/MAMP/htdocs/klik2learn/GITHUB/J2E-Deploy/node_modules/delegates
316 info build /Applications/MAMP/htdocs/klik2learn/GITHUB/J2E-Deploy/node_modules/delegates
317 info preinstall delegates@1.0.0
318 info linkStuff delegates@1.0.0
319 silly linkStuff delegates@1.0.0 has /Applications/MAMP/htdocs/klik2learn/GITHUB/J2E-Deploy/node_modules as its parent node_modules
320 verbose linkBins delegates@1.0.0
321 verbose linkMans delegates@1.0.0
322 verbose rebuildBundles delegates@1.0.0
323 info install delegates@1.0.0
324 info postinstall delegates@1.0.0
325 verbose rebuild bundle /Applications/MAMP/htdocs/klik2learn/GITHUB/J2E-Deploy/node_modules/detect-libc
326 info build /Applications/MAMP/htdocs/klik2learn/GITHUB/J2E-Deploy/node_modules/detect-libc
327 info preinstall detect-libc@1.0.3
328 info linkStuff detect-libc@1.0.3
329 silly linkStuff detect-libc@1.0.3 has /Applications/MAMP/htdocs/klik2learn/GITHUB/J2E-Deploy/node_modules as its parent node_modules
330 verbose linkBins detect-libc@1.0.3
331 verbose link bins [ { 'detect-libc': 'bin/detect-libc.js' },
331 verbose link bins   '/Applications/MAMP/htdocs/klik2learn/GITHUB/J2E-Deploy/node_modules/.bin',
331 verbose link bins   false ]
332 verbose linkMans detect-libc@1.0.3
333 verbose rebuildBundles detect-libc@1.0.3
334 silly gentlyRm /Applications/MAMP/htdocs/klik2learn/GITHUB/J2E-Deploy/node_modules/.bin/detect-libc is being purged
335 verbose gentlyRm don't care about contents; nuking /Applications/MAMP/htdocs/klik2learn/GITHUB/J2E-Deploy/node_modules/.bin/detect-libc
336 silly vacuum-fs purging /Applications/MAMP/htdocs/klik2learn/GITHUB/J2E-Deploy/node_modules/.bin/detect-libc
337 silly vacuum-fs quitting because other entries in /Applications/MAMP/htdocs/klik2learn/GITHUB/J2E-Deploy/node_modules/.bin
338 info install detect-libc@1.0.3
339 info postinstall detect-libc@1.0.3
340 verbose rebuild bundle /Applications/MAMP/htdocs/klik2learn/GITHUB/J2E-Deploy/node_modules/fs-minipass
341 info build /Applications/MAMP/htdocs/klik2learn/GITHUB/J2E-Deploy/node_modules/fs-minipass
342 info preinstall fs-minipass@1.2.7
343 info linkStuff fs-minipass@1.2.7
344 silly linkStuff fs-minipass@1.2.7 has /Applications/MAMP/htdocs/klik2learn/GITHUB/J2E-Deploy/node_modules as its parent node_modules
345 verbose linkBins fs-minipass@1.2.7
346 verbose linkMans fs-minipass@1.2.7
347 verbose rebuildBundles fs-minipass@1.2.7
348 info install fs-minipass@1.2.7
349 info postinstall fs-minipass@1.2.7
350 verbose rebuild bundle /Applications/MAMP/htdocs/klik2learn/GITHUB/J2E-Deploy/node_modules/fs.realpath
351 info build /Applications/MAMP/htdocs/klik2learn/GITHUB/J2E-Deploy/node_modules/fs.realpath
352 info preinstall fs.realpath@1.0.0
353 info linkStuff fs.realpath@1.0.0
354 silly linkStuff fs.realpath@1.0.0 has /Applications/MAMP/htdocs/klik2learn/GITHUB/J2E-Deploy/node_modules as its parent node_modules
355 verbose linkBins fs.realpath@1.0.0
356 verbose linkMans fs.realpath@1.0.0
357 verbose rebuildBundles fs.realpath@1.0.0
358 info install fs.realpath@1.0.0
359 info postinstall fs.realpath@1.0.0
360 verbose rebuild bundle /Applications/MAMP/htdocs/klik2learn/GITHUB/J2E-Deploy/node_modules/gauge
361 info build /Applications/MAMP/htdocs/klik2learn/GITHUB/J2E-Deploy/node_modules/gauge
362 info preinstall gauge@2.7.4
363 info linkStuff gauge@2.7.4
364 silly linkStuff gauge@2.7.4 has /Applications/MAMP/htdocs/klik2learn/GITHUB/J2E-Deploy/node_modules as its parent node_modules
365 verbose linkBins gauge@2.7.4
366 verbose linkMans gauge@2.7.4
367 verbose rebuildBundles gauge@2.7.4
368 info install gauge@2.7.4
369 info postinstall gauge@2.7.4
370 verbose rebuild bundle /Applications/MAMP/htdocs/klik2learn/GITHUB/J2E-Deploy/node_modules/glob
371 info build /Applications/MAMP/htdocs/klik2learn/GITHUB/J2E-Deploy/node_modules/glob
372 info preinstall glob@7.1.6
373 info linkStuff glob@7.1.6
374 silly linkStuff glob@7.1.6 has /Applications/MAMP/htdocs/klik2learn/GITHUB/J2E-Deploy/node_modules as its parent node_modules
375 verbose linkBins glob@7.1.6
376 verbose linkMans glob@7.1.6
377 verbose rebuildBundles glob@7.1.6
378 info install glob@7.1.6
379 info postinstall glob@7.1.6
380 verbose rebuild bundle /Applications/MAMP/htdocs/klik2learn/GITHUB/J2E-Deploy/node_modules/has-unicode
381 info build /Applications/MAMP/htdocs/klik2learn/GITHUB/J2E-Deploy/node_modules/has-unicode
382 info preinstall has-unicode@2.0.1
383 info linkStuff has-unicode@2.0.1
384 silly linkStuff has-unicode@2.0.1 has /Applications/MAMP/htdocs/klik2learn/GITHUB/J2E-Deploy/node_modules as its parent node_modules
385 verbose linkBins has-unicode@2.0.1
386 verbose linkMans has-unicode@2.0.1
387 verbose rebuildBundles has-unicode@2.0.1
388 info install has-unicode@2.0.1
389 info postinstall has-unicode@2.0.1
390 verbose rebuild bundle /Applications/MAMP/htdocs/klik2learn/GITHUB/J2E-Deploy/node_modules/iconv-lite
391 info build /Applications/MAMP/htdocs/klik2learn/GITHUB/J2E-Deploy/node_modules/iconv-lite
392 info preinstall iconv-lite@0.4.24
393 info linkStuff iconv-lite@0.4.24
394 silly linkStuff iconv-lite@0.4.24 has /Applications/MAMP/htdocs/klik2learn/GITHUB/J2E-Deploy/node_modules as its parent node_modules
395 verbose linkBins iconv-lite@0.4.24
396 verbose linkMans iconv-lite@0.4.24
397 verbose rebuildBundles iconv-lite@0.4.24
398 info install iconv-lite@0.4.24
399 info postinstall iconv-lite@0.4.24
400 verbose rebuild bundle /Applications/MAMP/htdocs/klik2learn/GITHUB/J2E-Deploy/node_modules/ignore-walk
401 info build /Applications/MAMP/htdocs/klik2learn/GITHUB/J2E-Deploy/node_modules/ignore-walk
402 info preinstall ignore-walk@3.0.3
403 info linkStuff ignore-walk@3.0.3
404 silly linkStuff ignore-walk@3.0.3 has /Applications/MAMP/htdocs/klik2learn/GITHUB/J2E-Deploy/node_modules as its parent node_modules
405 verbose linkBins ignore-walk@3.0.3
406 verbose linkMans ignore-walk@3.0.3
407 verbose rebuildBundles ignore-walk@3.0.3
408 info install ignore-walk@3.0.3
409 info postinstall ignore-walk@3.0.3
410 verbose rebuild bundle /Applications/MAMP/htdocs/klik2learn/GITHUB/J2E-Deploy/node_modules/inflight
411 info build /Applications/MAMP/htdocs/klik2learn/GITHUB/J2E-Deploy/node_modules/inflight
412 info preinstall inflight@1.0.6
413 info linkStuff inflight@1.0.6
414 silly linkStuff inflight@1.0.6 has /Applications/MAMP/htdocs/klik2learn/GITHUB/J2E-Deploy/node_modules as its parent node_modules
415 verbose linkBins inflight@1.0.6
416 verbose linkMans inflight@1.0.6
417 verbose rebuildBundles inflight@1.0.6
418 info install inflight@1.0.6
419 info postinstall inflight@1.0.6
420 verbose rebuild bundle /Applications/MAMP/htdocs/klik2learn/GITHUB/J2E-Deploy/node_modules/inherits
421 info build /Applications/MAMP/htdocs/klik2learn/GITHUB/J2E-Deploy/node_modules/inherits
422 info preinstall inherits@2.0.4
423 info linkStuff inherits@2.0.4
424 silly linkStuff inherits@2.0.4 has /Applications/MAMP/htdocs/klik2learn/GITHUB/J2E-Deploy/node_modules as its parent node_modules
425 verbose linkBins inherits@2.0.4
426 verbose linkMans inherits@2.0.4
427 verbose rebuildBundles inherits@2.0.4
428 info install inherits@2.0.4
429 info postinstall inherits@2.0.4
430 verbose rebuild bundle /Applications/MAMP/htdocs/klik2learn/GITHUB/J2E-Deploy/node_modules/ini
431 info build /Applications/MAMP/htdocs/klik2learn/GITHUB/J2E-Deploy/node_modules/ini
432 info preinstall ini@1.3.5
433 info linkStuff ini@1.3.5
434 silly linkStuff ini@1.3.5 has /Applications/MAMP/htdocs/klik2learn/GITHUB/J2E-Deploy/node_modules as its parent node_modules
435 verbose linkBins ini@1.3.5
436 verbose linkMans ini@1.3.5
437 verbose rebuildBundles ini@1.3.5
438 info install ini@1.3.5
439 info postinstall ini@1.3.5
440 verbose rebuild bundle /Applications/MAMP/htdocs/klik2learn/GITHUB/J2E-Deploy/node_modules/is-fullwidth-code-point
441 info build /Applications/MAMP/htdocs/klik2learn/GITHUB/J2E-Deploy/node_modules/is-fullwidth-code-point
442 info preinstall is-fullwidth-code-point@1.0.0
443 info linkStuff is-fullwidth-code-point@1.0.0
444 silly linkStuff is-fullwidth-code-point@1.0.0 has /Applications/MAMP/htdocs/klik2learn/GITHUB/J2E-Deploy/node_modules as its parent node_modules
445 verbose linkBins is-fullwidth-code-point@1.0.0
446 verbose linkMans is-fullwidth-code-point@1.0.0
447 verbose rebuildBundles is-fullwidth-code-point@1.0.0
448 info install is-fullwidth-code-point@1.0.0
449 info postinstall is-fullwidth-code-point@1.0.0
450 verbose rebuild bundle /Applications/MAMP/htdocs/klik2learn/GITHUB/J2E-Deploy/node_modules/isarray
451 info build /Applications/MAMP/htdocs/klik2learn/GITHUB/J2E-Deploy/node_modules/isarray
452 info preinstall isarray@1.0.0
453 info linkStuff isarray@1.0.0
454 silly linkStuff isarray@1.0.0 has /Applications/MAMP/htdocs/klik2learn/GITHUB/J2E-Deploy/node_modules as its parent node_modules
455 verbose linkBins isarray@1.0.0
456 verbose linkMans isarray@1.0.0
457 verbose rebuildBundles isarray@1.0.0
458 info install isarray@1.0.0
459 info postinstall isarray@1.0.0
460 verbose rebuild bundle /Applications/MAMP/htdocs/klik2learn/GITHUB/J2E-Deploy/node_modules/minimatch
461 info build /Applications/MAMP/htdocs/klik2learn/GITHUB/J2E-Deploy/node_modules/minimatch
462 info preinstall minimatch@3.0.4
463 info linkStuff minimatch@3.0.4
464 silly linkStuff minimatch@3.0.4 has /Applications/MAMP/htdocs/klik2learn/GITHUB/J2E-Deploy/node_modules as its parent node_modules
465 verbose linkBins minimatch@3.0.4
466 verbose linkMans minimatch@3.0.4
467 verbose rebuildBundles minimatch@3.0.4
468 info install minimatch@3.0.4
469 info postinstall minimatch@3.0.4
470 verbose rebuild bundle /Applications/MAMP/htdocs/klik2learn/GITHUB/J2E-Deploy/node_modules/minimist
471 info build /Applications/MAMP/htdocs/klik2learn/GITHUB/J2E-Deploy/node_modules/minimist
472 info preinstall minimist@1.2.5
473 info linkStuff minimist@1.2.5
474 silly linkStuff minimist@1.2.5 has /Applications/MAMP/htdocs/klik2learn/GITHUB/J2E-Deploy/node_modules as its parent node_modules
475 verbose linkBins minimist@1.2.5
476 verbose linkMans minimist@1.2.5
477 verbose rebuildBundles minimist@1.2.5
478 info install minimist@1.2.5
479 info postinstall minimist@1.2.5
480 verbose rebuild bundle /Applications/MAMP/htdocs/klik2learn/GITHUB/J2E-Deploy/node_modules/minipass
481 info build /Applications/MAMP/htdocs/klik2learn/GITHUB/J2E-Deploy/node_modules/minipass
482 info preinstall minipass@2.9.0
483 info linkStuff minipass@2.9.0
484 silly linkStuff minipass@2.9.0 has /Applications/MAMP/htdocs/klik2learn/GITHUB/J2E-Deploy/node_modules as its parent node_modules
485 verbose linkBins minipass@2.9.0
486 verbose linkMans minipass@2.9.0
487 verbose rebuildBundles minipass@2.9.0
488 info install minipass@2.9.0
489 info postinstall minipass@2.9.0
490 verbose rebuild bundle /Applications/MAMP/htdocs/klik2learn/GITHUB/J2E-Deploy/node_modules/minizlib
491 info build /Applications/MAMP/htdocs/klik2learn/GITHUB/J2E-Deploy/node_modules/minizlib
492 info preinstall minizlib@1.3.3
493 info linkStuff minizlib@1.3.3
494 silly linkStuff minizlib@1.3.3 has /Applications/MAMP/htdocs/klik2learn/GITHUB/J2E-Deploy/node_modules as its parent node_modules
495 verbose linkBins minizlib@1.3.3
496 verbose linkMans minizlib@1.3.3
497 verbose rebuildBundles minizlib@1.3.3
498 info install minizlib@1.3.3
499 info postinstall minizlib@1.3.3
500 verbose rebuild bundle /Applications/MAMP/htdocs/klik2learn/GITHUB/J2E-Deploy/node_modules/mkdirp
501 info build /Applications/MAMP/htdocs/klik2learn/GITHUB/J2E-Deploy/node_modules/mkdirp
502 info preinstall mkdirp@0.5.5
503 info linkStuff mkdirp@0.5.5
504 silly linkStuff mkdirp@0.5.5 has /Applications/MAMP/htdocs/klik2learn/GITHUB/J2E-Deploy/node_modules as its parent node_modules
505 verbose linkBins mkdirp@0.5.5
506 verbose link bins [ { mkdirp: 'bin/cmd.js' },
506 verbose link bins   '/Applications/MAMP/htdocs/klik2learn/GITHUB/J2E-Deploy/node_modules/.bin',
506 verbose link bins   false ]
507 verbose linkMans mkdirp@0.5.5
508 verbose rebuildBundles mkdirp@0.5.5
509 silly gentlyRm /Applications/MAMP/htdocs/klik2learn/GITHUB/J2E-Deploy/node_modules/.bin/mkdirp is being purged
510 verbose gentlyRm don't care about contents; nuking /Applications/MAMP/htdocs/klik2learn/GITHUB/J2E-Deploy/node_modules/.bin/mkdirp
511 silly vacuum-fs purging /Applications/MAMP/htdocs/klik2learn/GITHUB/J2E-Deploy/node_modules/.bin/mkdirp
512 silly vacuum-fs quitting because other entries in /Applications/MAMP/htdocs/klik2learn/GITHUB/J2E-Deploy/node_modules/.bin
513 info install mkdirp@0.5.5
514 info postinstall mkdirp@0.5.5
515 verbose rebuild bundle /Applications/MAMP/htdocs/klik2learn/GITHUB/J2E-Deploy/node_modules/ms
516 info build /Applications/MAMP/htdocs/klik2learn/GITHUB/J2E-Deploy/node_modules/ms
517 info preinstall ms@2.1.2
518 info linkStuff ms@2.1.2
519 silly linkStuff ms@2.1.2 has /Applications/MAMP/htdocs/klik2learn/GITHUB/J2E-Deploy/node_modules as its parent node_modules
520 verbose linkBins ms@2.1.2
521 verbose linkMans ms@2.1.2
522 verbose rebuildBundles ms@2.1.2
523 info install ms@2.1.2
524 info postinstall ms@2.1.2
525 verbose rebuild bundle /Applications/MAMP/htdocs/klik2learn/GITHUB/J2E-Deploy/node_modules/needle
526 info build /Applications/MAMP/htdocs/klik2learn/GITHUB/J2E-Deploy/node_modules/needle
527 info preinstall needle@2.5.2
528 info linkStuff needle@2.5.2
529 silly linkStuff needle@2.5.2 has /Applications/MAMP/htdocs/klik2learn/GITHUB/J2E-Deploy/node_modules as its parent node_modules
530 verbose linkBins needle@2.5.2
531 verbose link bins [ { needle: 'bin/needle' },
531 verbose link bins   '/Applications/MAMP/htdocs/klik2learn/GITHUB/J2E-Deploy/node_modules/.bin',
531 verbose link bins   false ]
532 verbose linkMans needle@2.5.2
533 verbose rebuildBundles needle@2.5.2
534 silly gentlyRm /Applications/MAMP/htdocs/klik2learn/GITHUB/J2E-Deploy/node_modules/.bin/needle is being purged
535 verbose gentlyRm don't care about contents; nuking /Applications/MAMP/htdocs/klik2learn/GITHUB/J2E-Deploy/node_modules/.bin/needle
536 silly vacuum-fs purging /Applications/MAMP/htdocs/klik2learn/GITHUB/J2E-Deploy/node_modules/.bin/needle
537 silly vacuum-fs quitting because other entries in /Applications/MAMP/htdocs/klik2learn/GITHUB/J2E-Deploy/node_modules/.bin
538 info install needle@2.5.2
539 info postinstall needle@2.5.2
540 verbose rebuild bundle /Applications/MAMP/htdocs/klik2learn/GITHUB/J2E-Deploy/node_modules/node-addon-api
541 info build /Applications/MAMP/htdocs/klik2learn/GITHUB/J2E-Deploy/node_modules/node-addon-api
542 info preinstall node-addon-api@3.0.2
543 info linkStuff node-addon-api@3.0.2
544 silly linkStuff node-addon-api@3.0.2 has /Applications/MAMP/htdocs/klik2learn/GITHUB/J2E-Deploy/node_modules as its parent node_modules
545 verbose linkBins node-addon-api@3.0.2
546 verbose linkMans node-addon-api@3.0.2
547 verbose rebuildBundles node-addon-api@3.0.2
548 info install node-addon-api@3.0.2
549 verbose unsafe-perm in lifecycle true
550 info node-addon-api@3.0.2 Failed to exec install script
551 verbose stack Error: node-addon-api@3.0.2 install: `node-gyp rebuild`
551 verbose stack Exit status 1
551 verbose stack     at EventEmitter.<anonymous> (/Users/martin/.nvm/versions/node/v4.8.4/lib/node_modules/npm/lib/utils/lifecycle.js:217:16)
551 verbose stack     at emitTwo (events.js:87:13)
551 verbose stack     at EventEmitter.emit (events.js:172:7)
551 verbose stack     at ChildProcess.<anonymous> (/Users/martin/.nvm/versions/node/v4.8.4/lib/node_modules/npm/lib/utils/spawn.js:24:14)
551 verbose stack     at emitTwo (events.js:87:13)
551 verbose stack     at ChildProcess.emit (events.js:172:7)
551 verbose stack     at maybeClose (internal/child_process.js:862:16)
551 verbose stack     at Process.ChildProcess._handle.onexit (internal/child_process.js:222:5)
552 verbose pkgid node-addon-api@3.0.2
553 verbose cwd /Applications/MAMP/htdocs/klik2learn/GITHUB/J2E-Deploy
554 error Darwin 19.6.0
555 error argv "/Users/martin/.nvm/versions/node/v4.8.4/bin/node" "/Users/martin/.nvm/versions/node/v4.8.4/bin/npm" "install"
556 error node v4.8.4
557 error npm  v2.15.11
558 error code ELIFECYCLE
559 error node-addon-api@3.0.2 install: `node-gyp rebuild`
559 error Exit status 1
560 error Failed at the node-addon-api@3.0.2 install script 'node-gyp rebuild'.
560 error This is most likely a problem with the node-addon-api package,
560 error not with npm itself.
560 error Tell the author that this fails on your system:
560 error     node-gyp rebuild
560 error You can get information on how to open an issue for this project with:
560 error     npm bugs node-addon-api
560 error Or if that isn't available, you can get their info via:
560 error
560 error     npm owner ls node-addon-api
560 error There is likely additional logging output above.
561 verbose exit [ 1, true ]
